# JRE version: OpenJDK Runtime Environment (8.0_345-b01) (build 1.8.0_345-b01)
# Java VM: OpenJDK 64-Bit Server VM (25.345-b01 mixed mode windows-amd64 compressed oops)
Heap:
 def new generation   total 68800K, used 37619K [0x00000000a2400000, 0x00000000a6ea0000, 0x00000000c1800000)
  eden space 61184K,  53% used [0x00000000a2400000, 0x00000000a44007d8, 0x00000000a5fc0000)
  from space 7616K,  63% used [0x00000000a5fc0000, 0x00000000a647c5c0, 0x00000000a6730000)
  to   space 7616K,   0% used [0x00000000a6730000, 0x00000000a6730000, 0x00000000a6ea0000)
 tenured generation   total 152960K, used 5620K [0x00000000c1800000, 0x00000000cad60000, 0x0000000100000000)
   the space 152960K,   3% used [0x00000000c1800000, 0x00000000c1d7d050, 0x00000000c1d7d200, 0x00000000cad60000)
 Metaspace       used 13243K, capacity 13504K, committed 13568K, reserved 1060864K
  class space    used 1407K, capacity 1472K, committed 1536K, reserved 1048576K
GC Heap History (10 events):
Event: 2.779 GC heap before
{Heap before GC invocations=1 (full 0):
 def new generation   total 68800K, used 68799K [0x00000000a2400000, 0x00000000a6ea0000, 0x00000000c1800000)
  eden space 61184K, 100% used [0x00000000a2400000, 0x00000000a5fc0000, 0x00000000a5fc0000)
  from space 7616K,  99% used [0x00000000a6730000, 0x00000000a6e9fff8, 0x00000000a6ea0000)
  to   space 7616K,   0% used [0x00000000a5fc0000, 0x00000000a5fc0000, 0x00000000a6730000)
 tenured generation   total 152960K, used 757K [0x00000000c1800000, 0x00000000cad60000, 0x0000000100000000)
   the space 152960K,   0% used [0x00000000c1800000, 0x00000000c18bd598, 0x00000000c18bd600, 0x00000000cad60000)
 Metaspace       used 12851K, capacity 13146K, committed 13312K, reserved 1060864K
  class space    used 1396K, capacity 1439K, committed 1536K, reserved 1048576K
Event: 2.815 GC heap after
Heap after GC invocations=2 (full 0):
 def new generation   total 68800K, used 4470K [0x00000000a2400000, 0x00000000a6ea0000, 0x00000000c1800000)
  eden space 61184K,   0% used [0x00000000a2400000, 0x00000000a2400000, 0x00000000a5fc0000)
  from space 7616K,  58% used [0x00000000a5fc0000, 0x00000000a641da20, 0x00000000a6730000)
  to   space 7616K,   0% used [0x00000000a6730000, 0x00000000a6730000, 0x00000000a6ea0000)
 tenured generation   total 152960K, used 4495K [0x00000000c1800000, 0x00000000cad60000, 0x0000000100000000)
   the space 152960K,   2% used [0x00000000c1800000, 0x00000000c1c63f98, 0x00000000c1c64000, 0x00000000cad60000)
 Metaspace       used 12851K, capacity 13146K, committed 13312K, reserved 1060864K
  class space    used 1396K, capacity 1439K, committed 1536K, reserved 1048576K
}
Event: 3.583 GC heap before
{Heap before GC invocations=2 (full 0):
 def new generation   total 68800K, used 65654K [0x00000000a2400000, 0x00000000a6ea0000, 0x00000000c1800000)
  eden space 61184K, 100% used [0x00000000a2400000, 0x00000000a5fc0000, 0x00000000a5fc0000)
  from space 7616K,  58% used [0x00000000a5fc0000, 0x00000000a641da20, 0x00000000a6730000)
  to   space 7616K,   0% used [0x00000000a6730000, 0x00000000a6730000, 0x00000000a6ea0000)
 tenured generation   total 152960K, used 4495K [0x00000000c1800000, 0x00000000cad60000, 0x0000000100000000)
   the space 152960K,   2% used [0x00000000c1800000, 0x00000000c1c63f98, 0x00000000c1c64000, 0x00000000cad60000)
 Metaspace       used 13048K, capacity 13306K, committed 13568K, reserved 1060864K
  class space    used 1404K, capacity 1471K, committed 1536K, reserved 1048576K
Event: 3.618 GC heap after
Heap after GC invocations=3 (full 0):
 def new generation   total 68800K, used 4859K [0x00000000a2400000, 0x00000000a6ea0000, 0x00000000c1800000)
  eden space 61184K,   0% used [0x00000000a2400000, 0x00000000a2400000, 0x00000000a5fc0000)
  from space 7616K,  63% used [0x00000000a6730000, 0x00000000a6beee98, 0x00000000a6ea0000)
  to   space 7616K,   0% used [0x00000000a5fc0000, 0x00000000a5fc0000, 0x00000000a6730000)
 tenured generation   total 152960K, used 4950K [0x00000000c1800000, 0x00000000cad60000, 0x0000000100000000)
   the space 152960K,   3% used [0x00000000c1800000, 0x00000000c1cd5988, 0x00000000c1cd5a00, 0x00000000cad60000)
 Metaspace       used 13048K, capacity 13306K, committed 13568K, reserved 1060864K
  class space    used 1404K, capacity 1471K, committed 1536K, reserved 1048576K
}
Event: 4.276 GC heap before
{Heap before GC invocations=3 (full 0):
 def new generation   total 68800K, used 66043K [0x00000000a2400000, 0x00000000a6ea0000, 0x00000000c1800000)
  eden space 61184K, 100% used [0x00000000a2400000, 0x00000000a5fc0000, 0x00000000a5fc0000)
  from space 7616K,  63% used [0x00000000a6730000, 0x00000000a6beee98, 0x00000000a6ea0000)
  to   space 7616K,   0% used [0x00000000a5fc0000, 0x00000000a5fc0000, 0x00000000a6730000)
 tenured generation   total 152960K, used 4950K [0x00000000c1800000, 0x00000000cad60000, 0x0000000100000000)
   the space 152960K,   3% used [0x00000000c1800000, 0x00000000c1cd5988, 0x00000000c1cd5a00, 0x00000000cad60000)
 Metaspace       used 13166K, capacity 13434K, committed 13568K, reserved 1060864K
  class space    used 1405K, capacity 1471K, committed 1536K, reserved 1048576K
Event: 4.294 GC heap after
Heap after GC invocations=4 (full 0):
 def new generation   total 68800K, used 4793K [0x00000000a2400000, 0x00000000a6ea0000, 0x00000000c1800000)
  eden space 61184K,   0% used [0x00000000a2400000, 0x00000000a2400000, 0x00000000a5fc0000)
  from space 7616K,  62% used [0x00000000a5fc0000, 0x00000000a646e6b0, 0x00000000a6730000)
  to   space 7616K,   0% used [0x00000000a6730000, 0x00000000a6730000, 0x00000000a6ea0000)
 tenured generation   total 152960K, used 5304K [0x00000000c1800000, 0x00000000cad60000, 0x0000000100000000)
   the space 152960K,   3% used [0x00000000c1800000, 0x00000000c1d2e268, 0x00000000c1d2e400, 0x00000000cad60000)
 Metaspace       used 13166K, capacity 13434K, committed 13568K, reserved 1060864K
  class space    used 1405K, capacity 1471K, committed 1536K, reserved 1048576K
}
Event: 4.829 GC heap before
{Heap before GC invocations=4 (full 0):
 def new generation   total 68800K, used 65977K [0x00000000a2400000, 0x00000000a6ea0000, 0x00000000c1800000)
  eden space 61184K, 100% used [0x00000000a2400000, 0x00000000a5fc0000, 0x00000000a5fc0000)
  from space 7616K,  62% used [0x00000000a5fc0000, 0x00000000a646e6b0, 0x00000000a6730000)
  to   space 7616K,   0% used [0x00000000a6730000, 0x00000000a6730000, 0x00000000a6ea0000)
 tenured generation   total 152960K, used 5304K [0x00000000c1800000, 0x00000000cad60000, 0x0000000100000000)
   the space 152960K,   3% used [0x00000000c1800000, 0x00000000c1d2e268, 0x00000000c1d2e400, 0x00000000cad60000)
 Metaspace       used 13193K, capacity 13434K, committed 13568K, reserved 1060864K
  class space    used 1405K, capacity 1471K, committed 1536K, reserved 1048576K
Event: 4.844 GC heap after
Heap after GC invocations=5 (full 0):
 def new generation   total 68800K, used 4682K [0x00000000a2400000, 0x00000000a6ea0000, 0x00000000c1800000)
  eden space 61184K,   0% used [0x00000000a2400000, 0x00000000a2400000, 0x00000000a5fc0000)
  from space 7616K,  61% used [0x00000000a6730000, 0x00000000a6bc2a48, 0x00000000a6ea0000)
  to   space 7616K,   0% used [0x00000000a5fc0000, 0x00000000a5fc0000, 0x00000000a6730000)
 tenured generation   total 152960K, used 5461K [0x00000000c1800000, 0x00000000cad60000, 0x0000000100000000)
   the space 152960K,   3% used [0x00000000c1800000, 0x00000000c1d55470, 0x00000000c1d55600, 0x00000000cad60000)
 Metaspace       used 13193K, capacity 13434K, committed 13568K, reserved 1060864K
  class space    used 1405K, capacity 1471K, committed 1536K, reserved 1048576K
}
Event: 5.389 GC heap before
{Heap before GC invocations=5 (full 0):
 def new generation   total 68800K, used 65866K [0x00000000a2400000, 0x00000000a6ea0000, 0x00000000c1800000)
  eden space 61184K, 100% used [0x00000000a2400000, 0x00000000a5fc0000, 0x00000000a5fc0000)
  from space 7616K,  61% used [0x00000000a6730000, 0x00000000a6bc2a48, 0x00000000a6ea0000)
  to   space 7616K,   0% used [0x00000000a5fc0000, 0x00000000a5fc0000, 0x00000000a6730000)
 tenured generation   total 152960K, used 5461K [0x00000000c1800000, 0x00000000cad60000, 0x0000000100000000)
   the space 152960K,   3% used [0x00000000c1800000, 0x00000000c1d55470, 0x00000000c1d55600, 0x00000000cad60000)
 Metaspace       used 13234K, capacity 13504K, committed 13568K, reserved 1060864K
  class space    used 1407K, capacity 1472K, committed 1536K, reserved 1048576K
Event: 5.420 GC heap after
Heap after GC invocations=6 (full 0):
 def new generation   total 68800K, used 4849K [0x00000000a2400000, 0x00000000a6ea0000, 0x00000000c1800000)
  eden space 61184K,   0% used [0x00000000a2400000, 0x00000000a2400000, 0x00000000a5fc0000)
  from space 7616K,  63% used [0x00000000a5fc0000, 0x00000000a647c5c0, 0x00000000a6730000)
  to   space 7616K,   0% used [0x00000000a6730000, 0x00000000a6730000, 0x00000000a6ea0000)
 tenured generation   total 152960K, used 5620K [0x00000000c1800000, 0x00000000cad60000, 0x0000000100000000)
   the space 152960K,   3% used [0x00000000c1800000, 0x00000000c1d7d050, 0x00000000c1d7d200, 0x00000000cad60000)
 Metaspace       used 13234K, capacity 13504K, committed 13568K, reserved 1060864K
  class space    used 1407K, capacity 1472K, committed 1536K, reserved 1048576K
}

