# JRE version: OpenJDK Runtime Environment (8.0_345-b01) (build 1.8.0_345-b01)
# Java VM: OpenJDK 64-Bit Server VM (25.345-b01 mixed mode windows-amd64 compressed oops)
Heap:
 def new generation   total 68800K, used 68800K [0x00000000a2400000, 0x00000000a6ea0000, 0x00000000c1800000)
  eden space 61184K, 100% used [0x00000000a2400000, 0x00000000a5fc0000, 0x00000000a5fc0000)
  from space 7616K, 100% used [0x00000000a6730000, 0x00000000a6ea0000, 0x00000000a6ea0000)
  to   space 7616K,  70% used [0x00000000a5fc0000, 0x00000000a6505b38, 0x00000000a6730000)
 tenured generation   total 152960K, used 11060K [0x00000000c1800000, 0x00000000cad60000, 0x0000000100000000)
   the space 152960K,   7% used [0x00000000c1800000, 0x00000000c22cd250, 0x00000000c22cd400, 0x00000000cad60000)
 Metaspace       used 12395K, capacity 12666K, committed 12672K, reserved 1060864K
  class space    used 1352K, capacity 1407K, committed 1408K, reserved 1048576K
GC Heap History (3 events):
Event: 1.135 GC heap before
{Heap before GC invocations=0 (full 0):
 def new generation   total 68800K, used 61184K [0x00000000a2400000, 0x00000000a6ea0000, 0x00000000c1800000)
  eden space 61184K, 100% used [0x00000000a2400000, 0x00000000a5fc0000, 0x00000000a5fc0000)
  from space 7616K,   0% used [0x00000000a5fc0000, 0x00000000a5fc0000, 0x00000000a6730000)
  to   space 7616K,   0% used [0x00000000a6730000, 0x00000000a6730000, 0x00000000a6ea0000)
 tenured generation   total 152960K, used 0K [0x00000000c1800000, 0x00000000cad60000, 0x0000000100000000)
   the space 152960K,   0% used [0x00000000c1800000, 0x00000000c1800000, 0x00000000c1800200, 0x00000000cad60000)
 Metaspace       used 8742K, capacity 8888K, committed 9216K, reserved 1056768K
  class space    used 887K, capacity 916K, committed 1024K, reserved 1048576K
Event: 1.194 GC heap after
Heap after GC invocations=1 (full 0):
 def new generation   total 68800K, used 7616K [0x00000000a2400000, 0x00000000a6ea0000, 0x00000000c1800000)
  eden space 61184K,   0% used [0x00000000a2400000, 0x00000000a2400000, 0x00000000a5fc0000)
  from space 7616K, 100% used [0x00000000a6730000, 0x00000000a6ea0000, 0x00000000a6ea0000)
  to   space 7616K,   0% used [0x00000000a5fc0000, 0x00000000a5fc0000, 0x00000000a6730000)
 tenured generation   total 152960K, used 6648K [0x00000000c1800000, 0x00000000cad60000, 0x0000000100000000)
   the space 152960K,   4% used [0x00000000c1800000, 0x00000000c1e7e208, 0x00000000c1e7e400, 0x00000000cad60000)
 Metaspace       used 8742K, capacity 8888K, committed 9216K, reserved 1056768K
  class space    used 887K, capacity 916K, committed 1024K, reserved 1048576K
}
Event: 2.135 GC heap before
{Heap before GC invocations=1 (full 0):
 def new generation   total 68800K, used 68800K [0x00000000a2400000, 0x00000000a6ea0000, 0x00000000c1800000)
  eden space 61184K, 100% used [0x00000000a2400000, 0x00000000a5fc0000, 0x00000000a5fc0000)
  from space 7616K, 100% used [0x00000000a6730000, 0x00000000a6ea0000, 0x00000000a6ea0000)
  to   space 7616K,   0% used [0x00000000a5fc0000, 0x00000000a5fc0000, 0x00000000a6730000)
 tenured generation   total 152960K, used 6648K [0x00000000c1800000, 0x00000000cad60000, 0x0000000100000000)
   the space 152960K,   4% used [0x00000000c1800000, 0x00000000c1e7e208, 0x00000000c1e7e400, 0x00000000cad60000)
 Metaspace       used 12395K, capacity 12666K, committed 12672K, reserved 1060864K
  class space    used 1352K, capacity 1407K, committed 1408K, reserved 1048576K

