# JRE version: OpenJDK Runtime Environment (8.0_345-b01) (build 1.8.0_345-b01)
# Java VM: OpenJDK 64-Bit Server VM (25.345-b01 mixed mode windows-amd64 compressed oops)
Heap:
 def new generation   total 68800K, used 54694K [0x00000000a2400000, 0x00000000a6ea0000, 0x00000000c1800000)
  eden space 61184K,  82% used [0x00000000a2400000, 0x00000000a550ac68, 0x00000000a5fc0000)
  from space 7616K,  58% used [0x00000000a5fc0000, 0x00000000a641ebf0, 0x00000000a6730000)
  to   space 7616K,   0% used [0x00000000a6730000, 0x00000000a6730000, 0x00000000a6ea0000)
 tenured generation   total 152960K, used 4496K [0x00000000c1800000, 0x00000000cad60000, 0x0000000100000000)
   the space 152960K,   2% used [0x00000000c1800000, 0x00000000c1c643a0, 0x00000000c1c64400, 0x00000000cad60000)
 Metaspace       used 13046K, capacity 13306K, committed 13568K, reserved 1060864K
  class space    used 1404K, capacity 1471K, committed 1536K, reserved 1048576K
GC Heap History (4 events):
Event: 1.792 GC heap before
{Heap before GC invocations=0 (full 0):
 def new generation   total 68800K, used 61184K [0x00000000a2400000, 0x00000000a6ea0000, 0x00000000c1800000)
  eden space 61184K, 100% used [0x00000000a2400000, 0x00000000a5fc0000, 0x00000000a5fc0000)
  from space 7616K,   0% used [0x00000000a5fc0000, 0x00000000a5fc0000, 0x00000000a6730000)
  to   space 7616K,   0% used [0x00000000a6730000, 0x00000000a6730000, 0x00000000a6ea0000)
 tenured generation   total 152960K, used 0K [0x00000000c1800000, 0x00000000cad60000, 0x0000000100000000)
   the space 152960K,   0% used [0x00000000c1800000, 0x00000000c1800000, 0x00000000c1800200, 0x00000000cad60000)
 Metaspace       used 11451K, capacity 11700K, committed 11904K, reserved 1060864K
  class space    used 1284K, capacity 1342K, committed 1408K, reserved 1048576K
Event: 1.821 GC heap after
Heap after GC invocations=1 (full 0):
 def new generation   total 68800K, used 7616K [0x00000000a2400000, 0x00000000a6ea0000, 0x00000000c1800000)
  eden space 61184K,   0% used [0x00000000a2400000, 0x00000000a2400000, 0x00000000a5fc0000)
  from space 7616K, 100% used [0x00000000a6730000, 0x00000000a6ea0000, 0x00000000a6ea0000)
  to   space 7616K,   0% used [0x00000000a5fc0000, 0x00000000a5fc0000, 0x00000000a6730000)
 tenured generation   total 152960K, used 758K [0x00000000c1800000, 0x00000000cad60000, 0x0000000100000000)
   the space 152960K,   0% used [0x00000000c1800000, 0x00000000c18bd958, 0x00000000c18bda00, 0x00000000cad60000)
 Metaspace       used 11451K, capacity 11700K, committed 11904K, reserved 1060864K
  class space    used 1284K, capacity 1342K, committed 1408K, reserved 1048576K
}
Event: 3.282 GC heap before
{Heap before GC invocations=1 (full 0):
 def new generation   total 68800K, used 68800K [0x00000000a2400000, 0x00000000a6ea0000, 0x00000000c1800000)
  eden space 61184K, 100% used [0x00000000a2400000, 0x00000000a5fc0000, 0x00000000a5fc0000)
  from space 7616K, 100% used [0x00000000a6730000, 0x00000000a6ea0000, 0x00000000a6ea0000)
  to   space 7616K,   0% used [0x00000000a5fc0000, 0x00000000a5fc0000, 0x00000000a6730000)
 tenured generation   total 152960K, used 758K [0x00000000c1800000, 0x00000000cad60000, 0x0000000100000000)
   the space 152960K,   0% used [0x00000000c1800000, 0x00000000c18bd958, 0x00000000c18bda00, 0x00000000cad60000)
 Metaspace       used 12856K, capacity 13146K, committed 13312K, reserved 1060864K
  class space    used 1396K, capacity 1439K, committed 1536K, reserved 1048576K
Event: 3.327 GC heap after
Heap after GC invocations=2 (full 0):
 def new generation   total 68800K, used 4474K [0x00000000a2400000, 0x00000000a6ea0000, 0x00000000c1800000)
  eden space 61184K,   0% used [0x00000000a2400000, 0x00000000a2400000, 0x00000000a5fc0000)
  from space 7616K,  58% used [0x00000000a5fc0000, 0x00000000a641ebf0, 0x00000000a6730000)
  to   space 7616K,   0% used [0x00000000a6730000, 0x00000000a6730000, 0x00000000a6ea0000)
 tenured generation   total 152960K, used 4496K [0x00000000c1800000, 0x00000000cad60000, 0x0000000100000000)
   the space 152960K,   2% used [0x00000000c1800000, 0x00000000c1c643a0, 0x00000000c1c64400, 0x00000000cad60000)
 Metaspace       used 12856K, capacity 13146K, committed 13312K, reserved 1060864K
  class space    used 1396K, capacity 1439K, committed 1536K, reserved 1048576K
}

